<?xml version="1.0" encoding="UTF-8"?>
<!-- Generated by org.testng.reporters.JUnitXMLReporter -->
<testsuite hostname="DESKTOP-7LSEAB3" ignored="0" name="Test" tests="7" failures="1" timestamp="2021-09-22T12:17:24 IST" time="0.089" errors="0">
  <testcase name="password" time="0.013" classname="org.TestNG.My_Test"/>
  <testcase name="username" time="0.001" classname="org.TestNG.My_Test">
    <skipped/>
  </testcase> <!-- username -->
  <testcase name="username" time="0.002" classname="org.TestNG.My_Test">
    <skipped/>
  </testcase> <!-- username -->
  <testcase name="username" time="0.001" classname="org.TestNG.My_Test">
    <skipped/>
  </testcase> <!-- username -->
  <testcase name="username" time="0.002" classname="org.TestNG.My_Test">
    <skipped/>
  </testcase> <!-- username -->
  <testcase name="username" time="0.003" classname="org.TestNG.My_Test">
    <skipped/>
  </testcase> <!-- username -->
  <testcase name="username" time="0.002" classname="org.TestNG.My_Test">
    <failure type="java.lang.AssertionError" message="expected [Michel] but found [Charles]">
      <![CDATA[java.lang.AssertionError: expected [Michel] but found [Charles]
at org.TestNG.My_Test.username(My_Test.java:12)
at java.util.ArrayList.forEach(Unknown Source)
... Removed 33 stack frames]]>
    </failure>
  </testcase> <!-- username -->
</testsuite> <!-- Test -->
